0 info it worked if it ends with ok
1 verbose cli [ 'node', '/usr/local/bin/npm', 'publish' ]
2 info using npm@2.1.18
3 info using node@v0.10.33
4 verbose node symlink /usr/local/bin/node
5 verbose publish [ '.' ]
6 silly cache add args [ '.', null ]
7 verbose cache add spec .
8 silly cache add parsed spec { raw: '.',
8 silly cache add   scope: null,
8 silly cache add   name: null,
8 silly cache add   rawSpec: '.',
8 silly cache add   spec: '/Users/apadez/develop/albelli/poc/oet-lib',
8 silly cache add   type: 'directory' }
9 verbose addLocalDirectory /Users/apadez/.npm/oet-lib/0.0.6/package.tgz not in flight; packing
10 verbose tar pack [ '/Users/apadez/.npm/oet-lib/0.0.6/package.tgz',
10 verbose tar pack   '/Users/apadez/develop/albelli/poc/oet-lib' ]
11 verbose tarball /Users/apadez/.npm/oet-lib/0.0.6/package.tgz
12 verbose folder /Users/apadez/develop/albelli/poc/oet-lib
13 info prepublish oet-lib@0.0.6
14 verbose addLocalTarball adding from inside cache /Users/apadez/.npm/oet-lib/0.0.6/package.tgz
15 silly cache afterAdd oet-lib@0.0.6
16 verbose afterAdd /Users/apadez/.npm/oet-lib/0.0.6/package/package.json not in flight; writing
17 verbose afterAdd /Users/apadez/.npm/oet-lib/0.0.6/package/package.json written
18 silly publish { name: 'oet-lib',
18 silly publish   version: '0.0.6',
18 silly publish   description: 'frontend lib with basic tools for the online editor team',
18 silly publish   main: 'index.js',
18 silly publish   scripts: { test: 'echo "Error: no test specified" && exit 1' },
18 silly publish   repository: { type: 'git', url: 'git@github.com:albumprinter/oet-lib.git' },
18 silly publish   keywords: [ 'ajax', 'templator' ],
18 silly publish   author: { name: 'andre.padez@gmail.com' },
18 silly publish   license: 'ISC',
18 silly publish   bugs: { url: 'https://github.com/albumprinter/oet-lib/issues' },
18 silly publish   homepage: 'https://github.com/albumprinter/oet-lib',
18 silly publish   dependencies: { q: '^1.1.2' },
18 silly publish   gitHead: '69addb2f3e8c55e70aba4eea2c7c88a251bdc61d',
18 silly publish   readme: 'ERROR: No README data found!',
18 silly publish   _id: 'oet-lib@0.0.6',
18 silly publish   _shasum: '8d5a0589a2f9dc9fab1bca734a53af2750a67b42',
18 silly publish   _from: '.' }
19 silly mapToRegistry name oet-lib
20 silly mapToRegistry using default registry
21 silly mapToRegistry registry https://registry.npmjs.org/
22 silly mapToRegistry uri https://registry.npmjs.org/oet-lib
23 verbose publish registryBase https://registry.npmjs.org/
24 silly publish uploading /Users/apadez/.npm/oet-lib/0.0.6/package.tgz
25 verbose request uri https://registry.npmjs.org/oet-lib
26 verbose request sending authorization for write operation
27 info attempt registry request try #1 at 11:47:15
28 verbose request id 0ddb7383615a32ea
29 http request PUT https://registry.npmjs.org/oet-lib
30 http 403 https://registry.npmjs.org/oet-lib
31 verbose headers { date: 'Fri, 13 Feb 2015 10:47:15 GMT',
31 verbose headers   server: 'CouchDB/1.5.0 (Erlang OTP/R16B03)',
31 verbose headers   'content-type': 'application/json',
31 verbose headers   'cache-control': 'max-age=60',
31 verbose headers   'content-length': '2285',
31 verbose headers   'accept-ranges': 'bytes',
31 verbose headers   via: '1.1 varnish',
31 verbose headers   'x-served-by': 'cache-ams4145-AMS',
31 verbose headers   'x-cache': 'MISS',
31 verbose headers   'x-cache-hits': '0',
31 verbose headers   'x-timer': 'S1423824434.996010,VS0,VE174',
31 verbose headers   'keep-alive': 'timeout=10, max=50',
31 verbose headers   connection: 'Keep-Alive' }
32 verbose request invalidating /Users/apadez/.npm/registry.npmjs.org/oet-lib on PUT
33 error publish Failed PUT 403
34 verbose stack Error: forbidden cannot modify pre-existing version: 0.0.6
34 verbose stack old={"name":"oet-lib","version":"0.0.6","description":"frontend lib with basic tools for the online editor team","main":"index.js","scripts":{"test":"echo \"Error: no test specified\" && exit 1"},"repository":{"type":"git","url":"git@github.com:albumprinter/oet-lib.git"},"keywords":["ajax","templator"],"author":{"name":"andre.padez@gmail.com"},"license":"ISC","bugs":{"url":"https://github.com/albumprinter/oet-lib/issues"},"homepage":"https://github.com/albumprinter/oet-lib","dependencies":{"q":"^1.1.2"},"gitHead":"0a84fde4b166d3f9cbadd4146d213f7b43d5e34c","_id":"oet-lib@0.0.6","_shasum":"ca83da8e6aff2ac590234d32ca3a68fe2eda9cd6","_from":".","_npmVersion":"2.1.18","_nodeVersion":"0.10.33","_npmUser":{"name":"andrepadez","email":"andre.padez@gmail.com"},"maintainers":[{"name":"andrepadez","email":"andre.padez@gmail.com"}],"dist":{"shasum":"ca83da8e6aff2ac590234d32ca3a68fe2eda9cd6","tarball":"http://registry.npmjs.org/oet-lib/-/oet-lib-0.0.6.tgz"}}
34 verbose stack new={"name":"oet-lib","version":"0.0.6","description":"frontend lib with basic tools for the online editor team","main":"index.js","scripts":{"test":"echo \"Error: no test specified\" && exit 1"},"repository":{"type":"git","url":"git@github.com:albumprinter/oet-lib.git"},"keywords":["ajax","templator"],"author":{"name":"andre.padez@gmail.com"},"license":"ISC","bugs":{"url":"https://github.com/albumprinter/oet-lib/issues"},"homepage":"https://github.com/albumprinter/oet-lib","dependencies":{"q":"^1.1.2"},"gitHead":"69addb2f3e8c55e70aba4eea2c7c88a251bdc61d","readme":"ERROR: No README data found!","_id":"oet-lib@0.0.6","_shasum":"8d5a0589a2f9dc9fab1bca734a53af2750a67b42","_from":".","_npmVersion":"2.1.18","_nodeVersion":"0.10.33","_npmUser":{"name":"andrepadez","email":"andre.padez@gmail.com"},"maintainers":[{"name":"andrepadez","email":"andre.padez@gmail.com"}],"dist":{"shasum":"8d5a0589a2f9dc9fab1bca734a53af2750a67b42","tarball":"http://registry.npmjs.org/oet-lib/-/oet-lib-0.0.6.tgz"}}: oet-lib
34 verbose stack     at CachingRegistryClient.<anonymous> (/usr/local/lib/node_modules/npm/node_modules/npm-registry-client/lib/request.js:244:14)
34 verbose stack     at Request._callback (/usr/local/lib/node_modules/npm/node_modules/npm-registry-client/lib/request.js:172:14)
34 verbose stack     at Request.self.callback (/usr/local/lib/node_modules/npm/node_modules/request/request.js:373:22)
34 verbose stack     at Request.emit (events.js:98:17)
34 verbose stack     at Request.<anonymous> (/usr/local/lib/node_modules/npm/node_modules/request/request.js:1318:14)
34 verbose stack     at Request.emit (events.js:117:20)
34 verbose stack     at IncomingMessage.<anonymous> (/usr/local/lib/node_modules/npm/node_modules/request/request.js:1266:12)
34 verbose stack     at IncomingMessage.emit (events.js:117:20)
34 verbose stack     at _stream_readable.js:943:16
34 verbose stack     at process._tickCallback (node.js:419:13)
35 verbose statusCode 403
36 verbose pkgid oet-lib
37 verbose cwd /Users/apadez/develop/albelli/poc/oet-lib
38 error Darwin 14.1.0
39 error argv "node" "/usr/local/bin/npm" "publish"
40 error node v0.10.33
41 error npm  v2.1.18
42 error code E403
43 error forbidden cannot modify pre-existing version: 0.0.6
43 error old={"name":"oet-lib","version":"0.0.6","description":"frontend lib with basic tools for the online editor team","main":"index.js","scripts":{"test":"echo \"Error: no test specified\" && exit 1"},"repository":{"type":"git","url":"git@github.com:albumprinter/oet-lib.git"},"keywords":["ajax","templator"],"author":{"name":"andre.padez@gmail.com"},"license":"ISC","bugs":{"url":"https://github.com/albumprinter/oet-lib/issues"},"homepage":"https://github.com/albumprinter/oet-lib","dependencies":{"q":"^1.1.2"},"gitHead":"0a84fde4b166d3f9cbadd4146d213f7b43d5e34c","_id":"oet-lib@0.0.6","_shasum":"ca83da8e6aff2ac590234d32ca3a68fe2eda9cd6","_from":".","_npmVersion":"2.1.18","_nodeVersion":"0.10.33","_npmUser":{"name":"andrepadez","email":"andre.padez@gmail.com"},"maintainers":[{"name":"andrepadez","email":"andre.padez@gmail.com"}],"dist":{"shasum":"ca83da8e6aff2ac590234d32ca3a68fe2eda9cd6","tarball":"http://registry.npmjs.org/oet-lib/-/oet-lib-0.0.6.tgz"}}
43 error new={"name":"oet-lib","version":"0.0.6","description":"frontend lib with basic tools for the online editor team","main":"index.js","scripts":{"test":"echo \"Error: no test specified\" && exit 1"},"repository":{"type":"git","url":"git@github.com:albumprinter/oet-lib.git"},"keywords":["ajax","templator"],"author":{"name":"andre.padez@gmail.com"},"license":"ISC","bugs":{"url":"https://github.com/albumprinter/oet-lib/issues"},"homepage":"https://github.com/albumprinter/oet-lib","dependencies":{"q":"^1.1.2"},"gitHead":"69addb2f3e8c55e70aba4eea2c7c88a251bdc61d","readme":"ERROR: No README data found!","_id":"oet-lib@0.0.6","_shasum":"8d5a0589a2f9dc9fab1bca734a53af2750a67b42","_from":".","_npmVersion":"2.1.18","_nodeVersion":"0.10.33","_npmUser":{"name":"andrepadez","email":"andre.padez@gmail.com"},"maintainers":[{"name":"andrepadez","email":"andre.padez@gmail.com"}],"dist":{"shasum":"8d5a0589a2f9dc9fab1bca734a53af2750a67b42","tarball":"http://registry.npmjs.org/oet-lib/-/oet-lib-0.0.6.tgz"}}: oet-lib
44 error If you need help, you may report this error at:
44 error     <http://github.com/npm/npm/issues>
45 verbose exit [ 1, true ]
